<?xml version="1.0" encoding="UTF-8"?>
<testsuite name="de.d3adspace.mercantor.core.MercantorFactoryTest" tests="1" skipped="0" failures="0" errors="0" timestamp="2017-12-09T17:11:09" hostname="MacKlauke" time="0.423">
  <properties/>
  <testcase name="createMercantor" classname="de.d3adspace.mercantor.core.MercantorFactoryTest" time="0.423"/>
  <system-out><![CDATA[]]></system-out>
  <system-err><![CDATA[]]></system-err>
</testsuite>
